C:\USERS\HMS\DESKTOP\TIANTIAN\FRAMEWORK FOR STUDENTS WHO DON'T WANT TO INSTALL QT SDK\CURVE_VS08\GENERATEDFILES\QRC_RESOURCE.CPP
C:\USERS\HMS\DESKTOP\TIANTIAN\FRAMEWORK FOR STUDENTS WHO DON'T WANT TO INSTALL QT SDK\CURVE_VS08\GENERATEDFILES\RELEASE\MOC_ABOUTDIALOG.CPP
C:\USERS\HMS\DESKTOP\TIANTIAN\FRAMEWORK FOR STUDENTS WHO DON'T WANT TO INSTALL QT SDK\CURVE_VS08\GENERATEDFILES\RELEASE\MOC_GRAPHICSSCENE.CPP
C:\USERS\HMS\DESKTOP\TIANTIAN\FRAMEWORK FOR STUDENTS WHO DON'T WANT TO INSTALL QT SDK\CURVE_VS08\GENERATEDFILES\RELEASE\MOC_GRAPHWIDGET.CPP
C:\USERS\HMS\DESKTOP\TIANTIAN\FRAMEWORK FOR STUDENTS WHO DON'T WANT TO INSTALL QT SDK\CURVE_VS08\GENERATEDFILES\RELEASE\MOC_MAINWINDOW.CPP
C:\USERS\HMS\DESKTOP\TIANTIAN\FRAMEWORK FOR STUDENTS WHO DON'T WANT TO INSTALL QT SDK\CURVE_VS08\GENERATEDFILES\UI_ABOUTDIALOG.H
C:\USERS\HMS\DESKTOP\TIANTIAN\FRAMEWORK FOR STUDENTS WHO DON'T WANT TO INSTALL QT SDK\CURVE_VS08\GENERATEDFILES\UI_MAINWINDOW.H
C:\USERS\HMS\DESKTOP\TIANTIAN\FRAMEWORK FOR STUDENTS WHO DON'T WANT TO INSTALL QT SDK\CURVE_VS08\RELEASE\ABOUTDIALOG.OBJ
C:\Users\HMS\Desktop\Tiantian\Framework For Students Who Don't Want to Install QT SDK\curve_vs08\Release\cl.command.1.tlog
C:\Users\HMS\Desktop\Tiantian\Framework For Students Who Don't Want to Install QT SDK\curve_vs08\Release\CL.read.1.tlog
C:\Users\HMS\Desktop\Tiantian\Framework For Students Who Don't Want to Install QT SDK\curve_vs08\Release\CL.write.1.tlog
C:\USERS\HMS\DESKTOP\TIANTIAN\FRAMEWORK FOR STUDENTS WHO DON'T WANT TO INSTALL QT SDK\CURVE_VS08\RELEASE\CURVE_VS08.EXE.INTERMEDIATE.MANIFEST
C:\Users\HMS\Desktop\Tiantian\Framework For Students Who Don't Want to Install QT SDK\curve_vs08\Release\custombuild.command.1.tlog
C:\Users\HMS\Desktop\Tiantian\Framework For Students Who Don't Want to Install QT SDK\curve_vs08\Release\custombuild.read.1.tlog
C:\Users\HMS\Desktop\Tiantian\Framework For Students Who Don't Want to Install QT SDK\curve_vs08\Release\custombuild.write.1.tlog
C:\USERS\HMS\DESKTOP\TIANTIAN\FRAMEWORK FOR STUDENTS WHO DON'T WANT TO INSTALL QT SDK\CURVE_VS08\RELEASE\EDGE.OBJ
C:\USERS\HMS\DESKTOP\TIANTIAN\FRAMEWORK FOR STUDENTS WHO DON'T WANT TO INSTALL QT SDK\CURVE_VS08\RELEASE\GRAPHICSSCENE.OBJ
C:\USERS\HMS\DESKTOP\TIANTIAN\FRAMEWORK FOR STUDENTS WHO DON'T WANT TO INSTALL QT SDK\CURVE_VS08\RELEASE\GRAPHWIDGET.OBJ
C:\Users\HMS\Desktop\Tiantian\Framework For Students Who Don't Want to Install QT SDK\curve_vs08\Release\link.command.1.tlog
C:\Users\HMS\Desktop\Tiantian\Framework For Students Who Don't Want to Install QT SDK\curve_vs08\Release\link.read.1.tlog
C:\Users\HMS\Desktop\Tiantian\Framework For Students Who Don't Want to Install QT SDK\curve_vs08\Release\link.write.1.tlog
C:\USERS\HMS\DESKTOP\TIANTIAN\FRAMEWORK FOR STUDENTS WHO DON'T WANT TO INSTALL QT SDK\CURVE_VS08\RELEASE\MAIN.OBJ
C:\USERS\HMS\DESKTOP\TIANTIAN\FRAMEWORK FOR STUDENTS WHO DON'T WANT TO INSTALL QT SDK\CURVE_VS08\RELEASE\MAINWINDOW.OBJ
C:\USERS\HMS\DESKTOP\TIANTIAN\FRAMEWORK FOR STUDENTS WHO DON'T WANT TO INSTALL QT SDK\CURVE_VS08\RELEASE\MOC_ABOUTDIALOG.OBJ
C:\USERS\HMS\DESKTOP\TIANTIAN\FRAMEWORK FOR STUDENTS WHO DON'T WANT TO INSTALL QT SDK\CURVE_VS08\RELEASE\MOC_GRAPHICSSCENE.OBJ
C:\USERS\HMS\DESKTOP\TIANTIAN\FRAMEWORK FOR STUDENTS WHO DON'T WANT TO INSTALL QT SDK\CURVE_VS08\RELEASE\MOC_GRAPHWIDGET.OBJ
C:\USERS\HMS\DESKTOP\TIANTIAN\FRAMEWORK FOR STUDENTS WHO DON'T WANT TO INSTALL QT SDK\CURVE_VS08\RELEASE\MOC_MAINWINDOW.OBJ
C:\Users\HMS\Desktop\Tiantian\Framework For Students Who Don't Want to Install QT SDK\curve_vs08\Release\mt.command.1.tlog
C:\Users\HMS\Desktop\Tiantian\Framework For Students Who Don't Want to Install QT SDK\curve_vs08\Release\mt.read.1.tlog
C:\Users\HMS\Desktop\Tiantian\Framework For Students Who Don't Want to Install QT SDK\curve_vs08\Release\mt.write.1.tlog
C:\USERS\HMS\DESKTOP\TIANTIAN\FRAMEWORK FOR STUDENTS WHO DON'T WANT TO INSTALL QT SDK\CURVE_VS08\RELEASE\NODE.OBJ
C:\USERS\HMS\DESKTOP\TIANTIAN\FRAMEWORK FOR STUDENTS WHO DON'T WANT TO INSTALL QT SDK\CURVE_VS08\RELEASE\QRC_RESOURCE.OBJ
C:\USERS\HMS\DESKTOP\TIANTIAN\FRAMEWORK FOR STUDENTS WHO DON'T WANT TO INSTALL QT SDK\CURVE_VS08\RELEASE\SPLINE.OBJ
C:\USERS\HMS\DESKTOP\TIANTIAN\FRAMEWORK FOR STUDENTS WHO DON'T WANT TO INSTALL QT SDK\CURVE_VS08\RELEASE\SVZALGEBRA.OBJ
C:\USERS\HMS\DESKTOP\TIANTIAN\FRAMEWORK FOR STUDENTS WHO DON'T WANT TO INSTALL QT SDK\RELEASE\CURVE_VS08.EXE
