C:\USERS\HMS\DESKTOP\TIANTIAN\FRAMEWORK FOR STUDENTS WHO DON'T WANT TO INSTALL QT SDK\CURVE_VS08\DEBUG\ABOUTDIALOG.OBJ
C:\Users\HMS\Desktop\Tiantian\Framework For Students Who Don't Want to Install QT SDK\curve_vs08\Debug\cl.command.1.tlog
C:\Users\HMS\Desktop\Tiantian\Framework For Students Who Don't Want to Install QT SDK\curve_vs08\Debug\CL.read.1.tlog
C:\Users\HMS\Desktop\Tiantian\Framework For Students Who Don't Want to Install QT SDK\curve_vs08\Debug\CL.write.1.tlog
C:\USERS\HMS\DESKTOP\TIANTIAN\FRAMEWORK FOR STUDENTS WHO DON'T WANT TO INSTALL QT SDK\CURVE_VS08\DEBUG\CURVE_VS08.EXE.INTERMEDIATE.MANIFEST
C:\Users\HMS\Desktop\Tiantian\Framework For Students Who Don't Want to Install QT SDK\curve_vs08\Debug\custombuild.command.1.tlog
C:\Users\HMS\Desktop\Tiantian\Framework For Students Who Don't Want to Install QT SDK\curve_vs08\Debug\custombuild.read.1.tlog
C:\Users\HMS\Desktop\Tiantian\Framework For Students Who Don't Want to Install QT SDK\curve_vs08\Debug\custombuild.write.1.tlog
C:\USERS\HMS\DESKTOP\TIANTIAN\FRAMEWORK FOR STUDENTS WHO DON'T WANT TO INSTALL QT SDK\CURVE_VS08\DEBUG\EDGE.OBJ
C:\USERS\HMS\DESKTOP\TIANTIAN\FRAMEWORK FOR STUDENTS WHO DON'T WANT TO INSTALL QT SDK\CURVE_VS08\DEBUG\GRAPHICSSCENE.OBJ
C:\USERS\HMS\DESKTOP\TIANTIAN\FRAMEWORK FOR STUDENTS WHO DON'T WANT TO INSTALL QT SDK\CURVE_VS08\DEBUG\GRAPHWIDGET.OBJ
C:\Users\HMS\Desktop\Tiantian\Framework For Students Who Don't Want to Install QT SDK\curve_vs08\Debug\link.command.1.tlog
C:\Users\HMS\Desktop\Tiantian\Framework For Students Who Don't Want to Install QT SDK\curve_vs08\Debug\link.read.1.tlog
C:\Users\HMS\Desktop\Tiantian\Framework For Students Who Don't Want to Install QT SDK\curve_vs08\Debug\link.read.2.tlog
C:\Users\HMS\Desktop\Tiantian\Framework For Students Who Don't Want to Install QT SDK\curve_vs08\Debug\link.write.1.tlog
C:\USERS\HMS\DESKTOP\TIANTIAN\FRAMEWORK FOR STUDENTS WHO DON'T WANT TO INSTALL QT SDK\CURVE_VS08\DEBUG\MAIN.OBJ
C:\USERS\HMS\DESKTOP\TIANTIAN\FRAMEWORK FOR STUDENTS WHO DON'T WANT TO INSTALL QT SDK\CURVE_VS08\DEBUG\MAINWINDOW.OBJ
C:\USERS\HMS\DESKTOP\TIANTIAN\FRAMEWORK FOR STUDENTS WHO DON'T WANT TO INSTALL QT SDK\CURVE_VS08\DEBUG\MOC_ABOUTDIALOG.OBJ
C:\USERS\HMS\DESKTOP\TIANTIAN\FRAMEWORK FOR STUDENTS WHO DON'T WANT TO INSTALL QT SDK\CURVE_VS08\DEBUG\MOC_GRAPHICSSCENE.OBJ
C:\USERS\HMS\DESKTOP\TIANTIAN\FRAMEWORK FOR STUDENTS WHO DON'T WANT TO INSTALL QT SDK\CURVE_VS08\DEBUG\MOC_GRAPHWIDGET.OBJ
C:\USERS\HMS\DESKTOP\TIANTIAN\FRAMEWORK FOR STUDENTS WHO DON'T WANT TO INSTALL QT SDK\CURVE_VS08\DEBUG\MOC_MAINWINDOW.OBJ
C:\Users\HMS\Desktop\Tiantian\Framework For Students Who Don't Want to Install QT SDK\curve_vs08\Debug\mt.command.1.tlog
C:\Users\HMS\Desktop\Tiantian\Framework For Students Who Don't Want to Install QT SDK\curve_vs08\Debug\mt.read.1.tlog
C:\Users\HMS\Desktop\Tiantian\Framework For Students Who Don't Want to Install QT SDK\curve_vs08\Debug\mt.write.1.tlog
C:\USERS\HMS\DESKTOP\TIANTIAN\FRAMEWORK FOR STUDENTS WHO DON'T WANT TO INSTALL QT SDK\CURVE_VS08\DEBUG\NODE.OBJ
C:\USERS\HMS\DESKTOP\TIANTIAN\FRAMEWORK FOR STUDENTS WHO DON'T WANT TO INSTALL QT SDK\CURVE_VS08\DEBUG\QRC_RESOURCE.OBJ
C:\USERS\HMS\DESKTOP\TIANTIAN\FRAMEWORK FOR STUDENTS WHO DON'T WANT TO INSTALL QT SDK\CURVE_VS08\DEBUG\SPLINE.OBJ
C:\USERS\HMS\DESKTOP\TIANTIAN\FRAMEWORK FOR STUDENTS WHO DON'T WANT TO INSTALL QT SDK\CURVE_VS08\DEBUG\SVZALGEBRA.OBJ
C:\USERS\HMS\DESKTOP\TIANTIAN\FRAMEWORK FOR STUDENTS WHO DON'T WANT TO INSTALL QT SDK\CURVE_VS08\DEBUG\VC100.PDB
C:\USERS\HMS\DESKTOP\TIANTIAN\FRAMEWORK FOR STUDENTS WHO DON'T WANT TO INSTALL QT SDK\CURVE_VS08\GENERATEDFILES\DEBUG\MOC_ABOUTDIALOG.CPP
C:\USERS\HMS\DESKTOP\TIANTIAN\FRAMEWORK FOR STUDENTS WHO DON'T WANT TO INSTALL QT SDK\CURVE_VS08\GENERATEDFILES\DEBUG\MOC_GRAPHICSSCENE.CPP
C:\USERS\HMS\DESKTOP\TIANTIAN\FRAMEWORK FOR STUDENTS WHO DON'T WANT TO INSTALL QT SDK\CURVE_VS08\GENERATEDFILES\DEBUG\MOC_GRAPHWIDGET.CPP
C:\USERS\HMS\DESKTOP\TIANTIAN\FRAMEWORK FOR STUDENTS WHO DON'T WANT TO INSTALL QT SDK\CURVE_VS08\GENERATEDFILES\DEBUG\MOC_MAINWINDOW.CPP
C:\USERS\HMS\DESKTOP\TIANTIAN\FRAMEWORK FOR STUDENTS WHO DON'T WANT TO INSTALL QT SDK\CURVE_VS08\GENERATEDFILES\QRC_RESOURCE.CPP
C:\USERS\HMS\DESKTOP\TIANTIAN\FRAMEWORK FOR STUDENTS WHO DON'T WANT TO INSTALL QT SDK\CURVE_VS08\GENERATEDFILES\UI_ABOUTDIALOG.H
C:\USERS\HMS\DESKTOP\TIANTIAN\FRAMEWORK FOR STUDENTS WHO DON'T WANT TO INSTALL QT SDK\CURVE_VS08\GENERATEDFILES\UI_MAINWINDOW.H
C:\USERS\HMS\DESKTOP\TIANTIAN\FRAMEWORK FOR STUDENTS WHO DON'T WANT TO INSTALL QT SDK\DEBUG\CURVE_VS08.EXE
C:\USERS\HMS\DESKTOP\TIANTIAN\FRAMEWORK FOR STUDENTS WHO DON'T WANT TO INSTALL QT SDK\DEBUG\CURVE_VS08.ILK
C:\USERS\HMS\DESKTOP\TIANTIAN\FRAMEWORK FOR STUDENTS WHO DON'T WANT TO INSTALL QT SDK\DEBUG\CURVE_VS08.PDB
